<?xml version="1.0" encoding="UTF-8"?>
<testng-results ignored="0" total="1" passed="1" failed="0" skipped="0">
  <reporter-output>
  </reporter-output>
  <suite started-at="2023-11-02T12:24:57Z" name="Surefire suite" finished-at="2023-11-02T12:24:57Z" duration-ms="269">
    <groups>
    </groups>
    <test started-at="2023-11-02T12:24:57Z" name="Surefire test" finished-at="2023-11-02T12:24:57Z" duration-ms="269">
      <class name="CucumberOnline.CucumberOnline.AppTest">
        <test-method signature="shouldAnswerWithTrue()" started-at="2023-11-02T12:24:57Z" name="shouldAnswerWithTrue" finished-at="2023-11-02T12:24:57Z" duration-ms="9" status="PASS">
          <reporter-output>
          </reporter-output>
        </test-method> <!-- shouldAnswerWithTrue -->
      </class> <!-- CucumberOnline.CucumberOnline.AppTest -->
    </test> <!-- Surefire test -->
  </suite> <!-- Surefire suite -->
</testng-results>
